{"/Users/user/Projects/jtb/hotels-component/test-setup.js": {"path":"/Users/user/Projects/jtb/hotels-component/test-setup.js","statementMap":{"0":{"start":{"line":7,"column":15},"end":{"line":7,"column":32}},"1":{"start":{"line":8,"column":16},"end":{"line":8,"column":50}},"2":{"start":{"line":10,"column":0},"end":{"line":10,"column":45}}},"fnMap":{},"branchMap":{},"s":{"0":1,"1":1,"2":1},"f":{},"b":{},"_coverageSchema":"332fd63041d2c1bcb487cc26dd0d5f7d97098a6c","hash":"842872c96e444fefd32cd5cc09c533441156249d"}
,"/Users/user/Projects/jtb/hotels-component/test-shim.js": {"path":"/Users/user/Projects/jtb/hotels-component/test-shim.js","statementMap":{"0":{"start":{"line":7,"column":0},"end":{"line":9,"column":2}},"1":{"start":{"line":8,"column":2},"end":{"line":8,"column":26}}},"fnMap":{"0":{"name":"(anonymous_0)","decl":{"start":{"line":7,"column":31},"end":{"line":7,"column":32}},"loc":{"start":{"line":7,"column":50},"end":{"line":9,"column":1}},"line":7}},"branchMap":{},"s":{"0":1,"1":0},"f":{"0":0},"b":{},"_coverageSchema":"332fd63041d2c1bcb487cc26dd0d5f7d97098a6c","hash":"ea3df8e097f4764e69dc40182471f5fac7416781"}
,"/Users/user/Projects/jtb/hotels-component/dist/components/HotelListItem/index.js": {"path":"/Users/user/Projects/jtb/hotels-component/dist/components/HotelListItem/index.js","statementMap":{"0":{"start":{"line":2,"column":0},"end":{"line":2,"column":62}},"1":{"start":{"line":3,"column":14},"end":{"line":3,"column":30}},"2":{"start":{"line":4,"column":14},"end":{"line":4,"column":37}},"3":{"start":{"line":5,"column":0},"end":{"line":5,"column":101}},"4":{"start":{"line":5,"column":40},"end":{"line":5,"column":99}}},"fnMap":{"0":{"name":"(anonymous_0)","decl":{"start":{"line":5,"column":24},"end":{"line":5,"column":25}},"loc":{"start":{"line":5,"column":40},"end":{"line":5,"column":99}},"line":5}},"branchMap":{},"s":{"0":1,"1":1,"2":1,"3":1,"4":0},"f":{"0":0},"b":{},"_coverageSchema":"332fd63041d2c1bcb487cc26dd0d5f7d97098a6c","hash":"4291f62521e354b04d4023972a820b52c362856d"}
,"/Users/user/Projects/jtb/hotels-component/dist/components/HotelListLoading/index.js": {"path":"/Users/user/Projects/jtb/hotels-component/dist/components/HotelListLoading/index.js","statementMap":{"0":{"start":{"line":2,"column":0},"end":{"line":2,"column":62}},"1":{"start":{"line":3,"column":14},"end":{"line":3,"column":30}},"2":{"start":{"line":4,"column":14},"end":{"line":4,"column":37}},"3":{"start":{"line":5,"column":0},"end":{"line":5,"column":105}},"4":{"start":{"line":5,"column":34},"end":{"line":5,"column":103}}},"fnMap":{"0":{"name":"(anonymous_0)","decl":{"start":{"line":5,"column":27},"end":{"line":5,"column":28}},"loc":{"start":{"line":5,"column":34},"end":{"line":5,"column":103}},"line":5}},"branchMap":{},"s":{"0":1,"1":1,"2":1,"3":1,"4":0},"f":{"0":0},"b":{},"_coverageSchema":"332fd63041d2c1bcb487cc26dd0d5f7d97098a6c","hash":"1a76e59674a931201bd082643f2624aae50b79f3"}
,"/Users/user/Projects/jtb/hotels-component/dist/containers/HotelList/index.js": {"path":"/Users/user/Projects/jtb/hotels-component/dist/containers/HotelList/index.js","statementMap":{"0":{"start":{"line":2,"column":0},"end":{"line":2,"column":62}},"1":{"start":{"line":3,"column":14},"end":{"line":3,"column":30}},"2":{"start":{"line":4,"column":22},"end":{"line":4,"column":44}},"3":{"start":{"line":5,"column":27},"end":{"line":5,"column":71}},"4":{"start":{"line":6,"column":24},"end":{"line":6,"column":65}},"5":{"start":{"line":7,"column":14},"end":{"line":7,"column":37}},"6":{"start":{"line":8,"column":0},"end":{"line":28,"column":178}},"7":{"start":{"line":8,"column":55},"end":{"line":28,"column":176}},"8":{"start":{"line":28,"column":91},"end":{"line":28,"column":171}},"9":{"start":{"line":29,"column":24},"end":{"line":29,"column":95}},"10":{"start":{"line":29,"column":59},"end":{"line":29,"column":94}},"11":{"start":{"line":30,"column":0},"end":{"line":30,"column":76}}},"fnMap":{"0":{"name":"(anonymous_0)","decl":{"start":{"line":8,"column":20},"end":{"line":8,"column":21}},"loc":{"start":{"line":8,"column":55},"end":{"line":28,"column":176}},"line":8},"1":{"name":"(anonymous_1)","decl":{"start":{"line":28,"column":75},"end":{"line":28,"column":76}},"loc":{"start":{"line":28,"column":91},"end":{"line":28,"column":171}},"line":28},"2":{"name":"(anonymous_2)","decl":{"start":{"line":29,"column":24},"end":{"line":29,"column":25}},"loc":{"start":{"line":29,"column":59},"end":{"line":29,"column":94}},"line":29}},"branchMap":{"0":{"loc":{"start":{"line":16,"column":12},"end":{"line":16,"column":32}},"type":"binary-expr","locations":[{"start":{"line":16,"column":12},"end":{"line":16,"column":17}},{"start":{"line":16,"column":21},"end":{"line":16,"column":32}}],"line":16},"1":{"loc":{"start":{"line":26,"column":8},"end":{"line":26,"column":84}},"type":"binary-expr","locations":[{"start":{"line":26,"column":8},"end":{"line":26,"column":18}},{"start":{"line":26,"column":22},"end":{"line":26,"column":84}}],"line":26},"2":{"loc":{"start":{"line":27,"column":8},"end":{"line":28,"column":174}},"type":"binary-expr","locations":[{"start":{"line":27,"column":8},"end":{"line":27,"column":19}},{"start":{"line":27,"column":23},"end":{"line":27,"column":27}},{"start":{"line":27,"column":31},"end":{"line":27,"column":46}},{"start":{"line":28,"column":12},"end":{"line":28,"column":174}}],"line":27}},"s":{"0":1,"1":1,"2":1,"3":1,"4":1,"5":1,"6":1,"7":2,"8":2,"9":1,"10":0,"11":1},"f":{"0":2,"1":2,"2":0},"b":{"0":[2,0],"1":[2,1],"2":[2,1,1,1]},"_coverageSchema":"332fd63041d2c1bcb487cc26dd0d5f7d97098a6c","hash":"75ef35de576ab51bbae7f30cc15d8c6463734639"}
,"/Users/user/Projects/jtb/hotels-component/dist/redux/hotel/constants.js": {"path":"/Users/user/Projects/jtb/hotels-component/dist/redux/hotel/constants.js","statementMap":{"0":{"start":{"line":2,"column":0},"end":{"line":2,"column":62}},"1":{"start":{"line":3,"column":0},"end":{"line":6,"column":2}},"2":{"start":{"line":7,"column":0},"end":{"line":9,"column":2}}},"fnMap":{},"branchMap":{},"s":{"0":1,"1":1,"2":1},"f":{},"b":{},"_coverageSchema":"332fd63041d2c1bcb487cc26dd0d5f7d97098a6c","hash":"96557c62f99e44bea690c941dd0973ad1af712ff"}
,"/Users/user/Projects/jtb/hotels-component/dist/redux/hotel/reducer.js": {"path":"/Users/user/Projects/jtb/hotels-component/dist/redux/hotel/reducer.js","statementMap":{"0":{"start":{"line":2,"column":0},"end":{"line":2,"column":62}},"1":{"start":{"line":3,"column":21},"end":{"line":3,"column":42}},"2":{"start":{"line":4,"column":20},"end":{"line":4,"column":42}},"3":{"start":{"line":5,"column":18},"end":{"line":5,"column":54}},"4":{"start":{"line":6,"column":19},"end":{"line":6,"column":88}},"5":{"start":{"line":6,"column":47},"end":{"line":6,"column":87}},"6":{"start":{"line":7,"column":16},"end":{"line":7,"column":73}},"7":{"start":{"line":7,"column":38},"end":{"line":7,"column":72}},"8":{"start":{"line":8,"column":17},"end":{"line":11,"column":1}},"9":{"start":{"line":12,"column":0},"end":{"line":15,"column":2}},"10":{"start":{"line":16,"column":0},"end":{"line":16,"column":78}},"11":{"start":{"line":17,"column":0},"end":{"line":21,"column":2}}},"fnMap":{"0":{"name":"(anonymous_0)","decl":{"start":{"line":6,"column":19},"end":{"line":6,"column":20}},"loc":{"start":{"line":6,"column":47},"end":{"line":6,"column":87}},"line":6},"1":{"name":"(anonymous_1)","decl":{"start":{"line":7,"column":16},"end":{"line":7,"column":17}},"loc":{"start":{"line":7,"column":38},"end":{"line":7,"column":72}},"line":7}},"branchMap":{},"s":{"0":1,"1":1,"2":1,"3":1,"4":1,"5":0,"6":1,"7":0,"8":1,"9":1,"10":1,"11":1},"f":{"0":0,"1":0},"b":{},"_coverageSchema":"332fd63041d2c1bcb487cc26dd0d5f7d97098a6c","hash":"155b9e5deb212170fa4c9db2eb4ba094f8baad98"}
}
