{"/Users/user/Projects/jtb/hotels-component/test-setup.js": {"path":"/Users/user/Projects/jtb/hotels-component/test-setup.js","statementMap":{"0":{"start":{"line":7,"column":15},"end":{"line":7,"column":32}},"1":{"start":{"line":8,"column":16},"end":{"line":8,"column":50}},"2":{"start":{"line":10,"column":0},"end":{"line":10,"column":45}}},"fnMap":{},"branchMap":{},"s":{"0":1,"1":1,"2":1},"f":{},"b":{},"_coverageSchema":"332fd63041d2c1bcb487cc26dd0d5f7d97098a6c","hash":"842872c96e444fefd32cd5cc09c533441156249d"}
,"/Users/user/Projects/jtb/hotels-component/test-shim.js": {"path":"/Users/user/Projects/jtb/hotels-component/test-shim.js","statementMap":{"0":{"start":{"line":7,"column":0},"end":{"line":9,"column":2}},"1":{"start":{"line":8,"column":2},"end":{"line":8,"column":26}}},"fnMap":{"0":{"name":"(anonymous_0)","decl":{"start":{"line":7,"column":31},"end":{"line":7,"column":32}},"loc":{"start":{"line":7,"column":50},"end":{"line":9,"column":1}},"line":7}},"branchMap":{},"s":{"0":1,"1":0},"f":{"0":0},"b":{},"_coverageSchema":"332fd63041d2c1bcb487cc26dd0d5f7d97098a6c","hash":"ea3df8e097f4764e69dc40182471f5fac7416781"}
,"/Users/user/Projects/jtb/hotels-component/__tests__/redux/store.js": {"path":"/Users/user/Projects/jtb/hotels-component/__tests__/redux/store.js","statementMap":{"0":{"start":{"line":13,"column":30},"end":{"line":13,"column":52}},"1":{"start":{"line":14,"column":23},"end":{"line":14,"column":45}},"2":{"start":{"line":16,"column":25},"end":{"line":16,"column":32}},"3":{"start":{"line":18,"column":21},"end":{"line":29,"column":1}},"4":{"start":{"line":32,"column":2},"end":{"line":32,"column":33}},"5":{"start":{"line":33,"column":2},"end":{"line":33,"column":32}},"6":{"start":{"line":34,"column":2},"end":{"line":34,"column":33}},"7":{"start":{"line":36,"column":20},"end":{"line":36,"column":39}},"8":{"start":{"line":38,"column":2},"end":{"line":38,"column":30}}},"fnMap":{"0":{"name":"configureTestStore","decl":{"start":{"line":31,"column":16},"end":{"line":31,"column":34}},"loc":{"start":{"line":31,"column":37},"end":{"line":39,"column":1}},"line":31}},"branchMap":{},"s":{"0":1,"1":1,"2":1,"3":1,"4":1,"5":1,"6":1,"7":1,"8":1},"f":{"0":1},"b":{},"_coverageSchema":"332fd63041d2c1bcb487cc26dd0d5f7d97098a6c","hash":"3b5cd9839c72f6fe8e7ec20c09f8f2b68b41d741"}
,"/Users/user/Projects/jtb/hotels-component/dist/index.js": {"path":"/Users/user/Projects/jtb/hotels-component/dist/index.js","statementMap":{"0":{"start":{"line":3,"column":4},"end":{"line":3,"column":71}},"1":{"start":{"line":3,"column":21},"end":{"line":3,"column":71}},"2":{"start":{"line":3,"column":53},"end":{"line":3,"column":71}},"3":{"start":{"line":5,"column":0},"end":{"line":5,"column":62}},"4":{"start":{"line":6,"column":16},"end":{"line":6,"column":48}},"5":{"start":{"line":7,"column":0},"end":{"line":7,"column":41}},"6":{"start":{"line":8,"column":0},"end":{"line":8,"column":58}},"7":{"start":{"line":9,"column":14},"end":{"line":9,"column":44}},"8":{"start":{"line":10,"column":0},"end":{"line":10,"column":36}},"9":{"start":{"line":11,"column":18},"end":{"line":11,"column":52}},"10":{"start":{"line":12,"column":0},"end":{"line":12,"column":50}},"11":{"start":{"line":13,"column":0},"end":{"line":13,"column":43}},"12":{"start":{"line":14,"column":18},"end":{"line":14,"column":51}},"13":{"start":{"line":15,"column":0},"end":{"line":15,"column":40}}},"fnMap":{"0":{"name":"__export","decl":{"start":{"line":2,"column":9},"end":{"line":2,"column":17}},"loc":{"start":{"line":2,"column":21},"end":{"line":4,"column":1}},"line":2}},"branchMap":{"0":{"loc":{"start":{"line":3,"column":21},"end":{"line":3,"column":71}},"type":"if","locations":[{"start":{"line":3,"column":21},"end":{"line":3,"column":71}},{"start":{"line":3,"column":21},"end":{"line":3,"column":71}}],"line":3}},"s":{"0":1,"1":2,"2":2,"3":1,"4":1,"5":1,"6":1,"7":1,"8":1,"9":1,"10":1,"11":1,"12":1,"13":1},"f":{"0":1},"b":{"0":[2,0]},"_coverageSchema":"332fd63041d2c1bcb487cc26dd0d5f7d97098a6c","hash":"9a9c64284945845f1258c284ea0d5201aae6906e"}
,"/Users/user/Projects/jtb/hotels-component/dist/components/HotelListItem/index.js": {"path":"/Users/user/Projects/jtb/hotels-component/dist/components/HotelListItem/index.js","statementMap":{"0":{"start":{"line":2,"column":0},"end":{"line":2,"column":62}},"1":{"start":{"line":3,"column":14},"end":{"line":3,"column":30}},"2":{"start":{"line":4,"column":14},"end":{"line":4,"column":37}},"3":{"start":{"line":5,"column":0},"end":{"line":5,"column":101}},"4":{"start":{"line":5,"column":40},"end":{"line":5,"column":99}}},"fnMap":{"0":{"name":"(anonymous_0)","decl":{"start":{"line":5,"column":24},"end":{"line":5,"column":25}},"loc":{"start":{"line":5,"column":40},"end":{"line":5,"column":99}},"line":5}},"branchMap":{},"s":{"0":1,"1":1,"2":1,"3":1,"4":0},"f":{"0":0},"b":{},"_coverageSchema":"332fd63041d2c1bcb487cc26dd0d5f7d97098a6c","hash":"4291f62521e354b04d4023972a820b52c362856d"}
,"/Users/user/Projects/jtb/hotels-component/dist/components/HotelListLoading/index.js": {"path":"/Users/user/Projects/jtb/hotels-component/dist/components/HotelListLoading/index.js","statementMap":{"0":{"start":{"line":2,"column":0},"end":{"line":2,"column":62}},"1":{"start":{"line":3,"column":14},"end":{"line":3,"column":30}},"2":{"start":{"line":4,"column":14},"end":{"line":4,"column":37}},"3":{"start":{"line":5,"column":0},"end":{"line":5,"column":105}},"4":{"start":{"line":5,"column":34},"end":{"line":5,"column":103}}},"fnMap":{"0":{"name":"(anonymous_0)","decl":{"start":{"line":5,"column":27},"end":{"line":5,"column":28}},"loc":{"start":{"line":5,"column":34},"end":{"line":5,"column":103}},"line":5}},"branchMap":{},"s":{"0":1,"1":1,"2":1,"3":1,"4":0},"f":{"0":0},"b":{},"_coverageSchema":"332fd63041d2c1bcb487cc26dd0d5f7d97098a6c","hash":"1a76e59674a931201bd082643f2624aae50b79f3"}
,"/Users/user/Projects/jtb/hotels-component/dist/containers/HotelList/index.js": {"path":"/Users/user/Projects/jtb/hotels-component/dist/containers/HotelList/index.js","statementMap":{"0":{"start":{"line":2,"column":0},"end":{"line":2,"column":62}},"1":{"start":{"line":3,"column":14},"end":{"line":3,"column":30}},"2":{"start":{"line":4,"column":22},"end":{"line":4,"column":44}},"3":{"start":{"line":5,"column":27},"end":{"line":5,"column":71}},"4":{"start":{"line":6,"column":24},"end":{"line":6,"column":65}},"5":{"start":{"line":7,"column":14},"end":{"line":7,"column":37}},"6":{"start":{"line":8,"column":18},"end":{"line":28,"column":177}},"7":{"start":{"line":8,"column":53},"end":{"line":28,"column":176}},"8":{"start":{"line":28,"column":91},"end":{"line":28,"column":171}},"9":{"start":{"line":29,"column":24},"end":{"line":29,"column":95}},"10":{"start":{"line":29,"column":59},"end":{"line":29,"column":94}},"11":{"start":{"line":30,"column":0},"end":{"line":30,"column":68}}},"fnMap":{"0":{"name":"(anonymous_0)","decl":{"start":{"line":8,"column":18},"end":{"line":8,"column":19}},"loc":{"start":{"line":8,"column":53},"end":{"line":28,"column":176}},"line":8},"1":{"name":"(anonymous_1)","decl":{"start":{"line":28,"column":75},"end":{"line":28,"column":76}},"loc":{"start":{"line":28,"column":91},"end":{"line":28,"column":171}},"line":28},"2":{"name":"(anonymous_2)","decl":{"start":{"line":29,"column":24},"end":{"line":29,"column":25}},"loc":{"start":{"line":29,"column":59},"end":{"line":29,"column":94}},"line":29}},"branchMap":{"0":{"loc":{"start":{"line":16,"column":12},"end":{"line":16,"column":32}},"type":"binary-expr","locations":[{"start":{"line":16,"column":12},"end":{"line":16,"column":17}},{"start":{"line":16,"column":21},"end":{"line":16,"column":32}}],"line":16},"1":{"loc":{"start":{"line":26,"column":8},"end":{"line":26,"column":84}},"type":"binary-expr","locations":[{"start":{"line":26,"column":8},"end":{"line":26,"column":18}},{"start":{"line":26,"column":22},"end":{"line":26,"column":84}}],"line":26},"2":{"loc":{"start":{"line":27,"column":8},"end":{"line":28,"column":174}},"type":"binary-expr","locations":[{"start":{"line":27,"column":8},"end":{"line":27,"column":19}},{"start":{"line":27,"column":23},"end":{"line":27,"column":27}},{"start":{"line":27,"column":31},"end":{"line":27,"column":46}},{"start":{"line":28,"column":12},"end":{"line":28,"column":174}}],"line":27}},"s":{"0":1,"1":1,"2":1,"3":1,"4":1,"5":1,"6":1,"7":2,"8":0,"9":1,"10":4,"11":1},"f":{"0":2,"1":0,"2":4},"b":{"0":[2,2],"1":[2,0],"2":[2,2,2,0]},"_coverageSchema":"332fd63041d2c1bcb487cc26dd0d5f7d97098a6c","hash":"c72c7c9e6da0d826fb224218a8162b0c2e7f9251"}
,"/Users/user/Projects/jtb/hotels-component/dist/redux/hotel/actions.js": {"path":"/Users/user/Projects/jtb/hotels-component/dist/redux/hotel/actions.js","statementMap":{"0":{"start":{"line":2,"column":0},"end":{"line":2,"column":62}},"1":{"start":{"line":3,"column":20},"end":{"line":3,"column":42}},"2":{"start":{"line":4,"column":0},"end":{"line":6,"column":3}},"3":{"start":{"line":4,"column":43},"end":{"line":6,"column":1}},"4":{"start":{"line":7,"column":0},"end":{"line":9,"column":3}},"5":{"start":{"line":7,"column":34},"end":{"line":9,"column":1}}},"fnMap":{"0":{"name":"(anonymous_0)","decl":{"start":{"line":4,"column":26},"end":{"line":4,"column":27}},"loc":{"start":{"line":4,"column":43},"end":{"line":6,"column":1}},"line":4},"1":{"name":"(anonymous_1)","decl":{"start":{"line":7,"column":23},"end":{"line":7,"column":24}},"loc":{"start":{"line":7,"column":34},"end":{"line":9,"column":1}},"line":7}},"branchMap":{},"s":{"0":1,"1":1,"2":1,"3":0,"4":1,"5":0},"f":{"0":0,"1":0},"b":{},"_coverageSchema":"332fd63041d2c1bcb487cc26dd0d5f7d97098a6c","hash":"76e568601011f6ef107e1fc11cfbaf5cd07cc091"}
,"/Users/user/Projects/jtb/hotels-component/dist/redux/hotel/constants.js": {"path":"/Users/user/Projects/jtb/hotels-component/dist/redux/hotel/constants.js","statementMap":{"0":{"start":{"line":2,"column":0},"end":{"line":2,"column":62}},"1":{"start":{"line":3,"column":0},"end":{"line":6,"column":2}},"2":{"start":{"line":7,"column":0},"end":{"line":9,"column":2}}},"fnMap":{},"branchMap":{},"s":{"0":1,"1":1,"2":1},"f":{},"b":{},"_coverageSchema":"332fd63041d2c1bcb487cc26dd0d5f7d97098a6c","hash":"96557c62f99e44bea690c941dd0973ad1af712ff"}
,"/Users/user/Projects/jtb/hotels-component/dist/redux/hotel/reducer.js": {"path":"/Users/user/Projects/jtb/hotels-component/dist/redux/hotel/reducer.js","statementMap":{"0":{"start":{"line":2,"column":0},"end":{"line":2,"column":62}},"1":{"start":{"line":3,"column":21},"end":{"line":3,"column":42}},"2":{"start":{"line":4,"column":20},"end":{"line":4,"column":42}},"3":{"start":{"line":5,"column":18},"end":{"line":5,"column":54}},"4":{"start":{"line":6,"column":19},"end":{"line":6,"column":88}},"5":{"start":{"line":6,"column":47},"end":{"line":6,"column":87}},"6":{"start":{"line":7,"column":16},"end":{"line":7,"column":73}},"7":{"start":{"line":7,"column":38},"end":{"line":7,"column":72}},"8":{"start":{"line":8,"column":17},"end":{"line":11,"column":1}},"9":{"start":{"line":12,"column":22},"end":{"line":15,"column":1}},"10":{"start":{"line":16,"column":0},"end":{"line":16,"column":70}},"11":{"start":{"line":17,"column":0},"end":{"line":21,"column":2}}},"fnMap":{"0":{"name":"(anonymous_0)","decl":{"start":{"line":6,"column":19},"end":{"line":6,"column":20}},"loc":{"start":{"line":6,"column":47},"end":{"line":6,"column":87}},"line":6},"1":{"name":"(anonymous_1)","decl":{"start":{"line":7,"column":16},"end":{"line":7,"column":17}},"loc":{"start":{"line":7,"column":38},"end":{"line":7,"column":72}},"line":7}},"branchMap":{},"s":{"0":1,"1":1,"2":1,"3":1,"4":1,"5":0,"6":1,"7":0,"8":1,"9":1,"10":1,"11":1},"f":{"0":0,"1":0},"b":{},"_coverageSchema":"332fd63041d2c1bcb487cc26dd0d5f7d97098a6c","hash":"6f8b2ca899932b8e2399a3dc45c059f2386ed79d"}
,"/Users/user/Projects/jtb/hotels-component/dist/redux/hotel/sagas.js": {"path":"/Users/user/Projects/jtb/hotels-component/dist/redux/hotel/sagas.js","statementMap":{"0":{"start":{"line":2,"column":0},"end":{"line":2,"column":62}},"1":{"start":{"line":3,"column":18},"end":{"line":3,"column":47}},"2":{"start":{"line":4,"column":18},"end":{"line":4,"column":48}},"3":{"start":{"line":5,"column":18},"end":{"line":5,"column":38}},"4":{"start":{"line":6,"column":20},"end":{"line":6,"column":42}},"5":{"start":{"line":8,"column":4},"end":{"line":8,"column":57}},"6":{"start":{"line":9,"column":17},"end":{"line":9,"column":105}},"7":{"start":{"line":10,"column":4},"end":{"line":10,"column":54}},"8":{"start":{"line":11,"column":4},"end":{"line":11,"column":58}},"9":{"start":{"line":14,"column":4},"end":{"line":14,"column":107}},"10":{"start":{"line":16,"column":0},"end":{"line":16,"column":25}}},"fnMap":{"0":{"name":"performSearchSaga","decl":{"start":{"line":7,"column":10},"end":{"line":7,"column":27}},"loc":{"start":{"line":7,"column":69},"end":{"line":12,"column":1}},"line":7},"1":{"name":"mySaga","decl":{"start":{"line":13,"column":10},"end":{"line":13,"column":16}},"loc":{"start":{"line":13,"column":19},"end":{"line":15,"column":1}},"line":13}},"branchMap":{},"s":{"0":1,"1":1,"2":1,"3":1,"4":1,"5":0,"6":0,"7":0,"8":0,"9":0,"10":1},"f":{"0":0,"1":0},"b":{},"_coverageSchema":"332fd63041d2c1bcb487cc26dd0d5f7d97098a6c","hash":"f4f6cda1461b1be37e0c6fb7556cfc84718aa293"}
,"/Users/user/Projects/jtb/hotels-component/dist/utils/fakeApi.js": {"path":"/Users/user/Projects/jtb/hotels-component/dist/utils/fakeApi.js","statementMap":{"0":{"start":{"line":2,"column":0},"end":{"line":2,"column":62}},"1":{"start":{"line":3,"column":0},"end":{"line":7,"column":2}},"2":{"start":{"line":8,"column":0},"end":{"line":8,"column":154}},"3":{"start":{"line":8,"column":72},"end":{"line":8,"column":152}},"4":{"start":{"line":8,"column":95},"end":{"line":8,"column":151}},"5":{"start":{"line":8,"column":112},"end":{"line":8,"column":144}}},"fnMap":{"0":{"name":"(anonymous_0)","decl":{"start":{"line":8,"column":26},"end":{"line":8,"column":27}},"loc":{"start":{"line":8,"column":72},"end":{"line":8,"column":152}},"line":8},"1":{"name":"(anonymous_1)","decl":{"start":{"line":8,"column":84},"end":{"line":8,"column":85}},"loc":{"start":{"line":8,"column":95},"end":{"line":8,"column":151}},"line":8},"2":{"name":"(anonymous_2)","decl":{"start":{"line":8,"column":106},"end":{"line":8,"column":107}},"loc":{"start":{"line":8,"column":112},"end":{"line":8,"column":144}},"line":8}},"branchMap":{},"s":{"0":1,"1":1,"2":1,"3":0,"4":0,"5":0},"f":{"0":0,"1":0,"2":0},"b":{},"_coverageSchema":"332fd63041d2c1bcb487cc26dd0d5f7d97098a6c","hash":"d0e3ae70e06e1b9f7e994b2ba7832d4910b53de1"}
,"/Users/user/Projects/jtb/hotels-component/src/redux/hotel/actions.ts": {"path":"/Users/user/Projects/jtb/hotels-component/src/redux/hotel/actions.ts","statementMap":{"0":{"start":{"line":2,"column":0},"end":{"line":2,"column":62}},"1":{"start":{"line":3,"column":20},"end":{"line":3,"column":53}},"2":{"start":{"line":4,"column":0},"end":{"line":6,"column":3}},"3":{"start":{"line":4,"column":43},"end":{"line":6,"column":1}},"4":{"start":{"line":7,"column":0},"end":{"line":9,"column":3}},"5":{"start":{"line":7,"column":34},"end":{"line":9,"column":1}}},"fnMap":{"0":{"name":"(anonymous_0)","decl":{"start":{"line":4,"column":26},"end":{"line":4,"column":27}},"loc":{"start":{"line":4,"column":43},"end":{"line":6,"column":1}},"line":4},"1":{"name":"(anonymous_1)","decl":{"start":{"line":7,"column":23},"end":{"line":7,"column":24}},"loc":{"start":{"line":7,"column":34},"end":{"line":9,"column":1}},"line":7}},"branchMap":{},"s":{"0":1,"1":1,"2":1,"3":0,"4":1,"5":0},"f":{"0":0,"1":0},"b":{},"_coverageSchema":"332fd63041d2c1bcb487cc26dd0d5f7d97098a6c","hash":"96b55ec68a331b7e7556065a16b8bb4955d24d8c"}
,"/Users/user/Projects/jtb/hotels-component/src/redux/hotel/constants.ts": {"path":"/Users/user/Projects/jtb/hotels-component/src/redux/hotel/constants.ts","statementMap":{"0":{"start":{"line":2,"column":0},"end":{"line":2,"column":62}},"1":{"start":{"line":3,"column":0},"end":{"line":6,"column":2}},"2":{"start":{"line":7,"column":0},"end":{"line":9,"column":2}}},"fnMap":{},"branchMap":{},"s":{"0":1,"1":1,"2":1},"f":{},"b":{},"_coverageSchema":"332fd63041d2c1bcb487cc26dd0d5f7d97098a6c","hash":"684de1a6066201ef4ab467e4c51011a4669bda84"}
,"/Users/user/Projects/jtb/hotels-component/src/redux/hotel/reducer.ts": {"path":"/Users/user/Projects/jtb/hotels-component/src/redux/hotel/reducer.ts","statementMap":{"0":{"start":{"line":2,"column":0},"end":{"line":2,"column":62}},"1":{"start":{"line":3,"column":21},"end":{"line":3,"column":42}},"2":{"start":{"line":4,"column":20},"end":{"line":4,"column":53}},"3":{"start":{"line":5,"column":18},"end":{"line":5,"column":54}},"4":{"start":{"line":6,"column":19},"end":{"line":6,"column":88}},"5":{"start":{"line":6,"column":47},"end":{"line":6,"column":87}},"6":{"start":{"line":7,"column":16},"end":{"line":7,"column":73}},"7":{"start":{"line":7,"column":38},"end":{"line":7,"column":72}},"8":{"start":{"line":8,"column":17},"end":{"line":11,"column":1}},"9":{"start":{"line":12,"column":22},"end":{"line":15,"column":1}},"10":{"start":{"line":16,"column":0},"end":{"line":16,"column":70}},"11":{"start":{"line":17,"column":0},"end":{"line":21,"column":2}}},"fnMap":{"0":{"name":"(anonymous_0)","decl":{"start":{"line":6,"column":19},"end":{"line":6,"column":20}},"loc":{"start":{"line":6,"column":47},"end":{"line":6,"column":87}},"line":6},"1":{"name":"(anonymous_1)","decl":{"start":{"line":7,"column":16},"end":{"line":7,"column":17}},"loc":{"start":{"line":7,"column":38},"end":{"line":7,"column":72}},"line":7}},"branchMap":{},"s":{"0":1,"1":1,"2":1,"3":1,"4":1,"5":0,"6":1,"7":0,"8":1,"9":1,"10":1,"11":1},"f":{"0":0,"1":0},"b":{},"_coverageSchema":"332fd63041d2c1bcb487cc26dd0d5f7d97098a6c","hash":"af43dd613b984c01ae947673021e437f06ff3b4d"}
,"/Users/user/Projects/jtb/hotels-component/src/redux/hotel/sagas.ts": {"path":"/Users/user/Projects/jtb/hotels-component/src/redux/hotel/sagas.ts","statementMap":{"0":{"start":{"line":2,"column":0},"end":{"line":2,"column":62}},"1":{"start":{"line":3,"column":18},"end":{"line":3,"column":47}},"2":{"start":{"line":4,"column":18},"end":{"line":4,"column":43}},"3":{"start":{"line":5,"column":18},"end":{"line":5,"column":49}},"4":{"start":{"line":6,"column":20},"end":{"line":6,"column":53}},"5":{"start":{"line":8,"column":4},"end":{"line":8,"column":57}},"6":{"start":{"line":9,"column":17},"end":{"line":9,"column":105}},"7":{"start":{"line":10,"column":4},"end":{"line":10,"column":54}},"8":{"start":{"line":11,"column":4},"end":{"line":11,"column":58}},"9":{"start":{"line":14,"column":4},"end":{"line":14,"column":107}},"10":{"start":{"line":16,"column":0},"end":{"line":16,"column":25}}},"fnMap":{"0":{"name":"performSearchSaga","decl":{"start":{"line":7,"column":10},"end":{"line":7,"column":27}},"loc":{"start":{"line":7,"column":69},"end":{"line":12,"column":1}},"line":7},"1":{"name":"mySaga","decl":{"start":{"line":13,"column":10},"end":{"line":13,"column":16}},"loc":{"start":{"line":13,"column":19},"end":{"line":15,"column":1}},"line":13}},"branchMap":{},"s":{"0":1,"1":1,"2":1,"3":1,"4":1,"5":0,"6":0,"7":0,"8":0,"9":1,"10":1},"f":{"0":0,"1":1},"b":{},"_coverageSchema":"332fd63041d2c1bcb487cc26dd0d5f7d97098a6c","hash":"c5a96d16e5ac14b984f7b5a33dd178263374f88b"}
,"/Users/user/Projects/jtb/hotels-component/src/utils/fakeApi.ts": {"path":"/Users/user/Projects/jtb/hotels-component/src/utils/fakeApi.ts","statementMap":{"0":{"start":{"line":2,"column":0},"end":{"line":2,"column":62}},"1":{"start":{"line":3,"column":0},"end":{"line":7,"column":2}},"2":{"start":{"line":8,"column":0},"end":{"line":8,"column":154}},"3":{"start":{"line":8,"column":72},"end":{"line":8,"column":152}},"4":{"start":{"line":8,"column":95},"end":{"line":8,"column":151}},"5":{"start":{"line":8,"column":112},"end":{"line":8,"column":144}}},"fnMap":{"0":{"name":"(anonymous_0)","decl":{"start":{"line":8,"column":26},"end":{"line":8,"column":27}},"loc":{"start":{"line":8,"column":72},"end":{"line":8,"column":152}},"line":8},"1":{"name":"(anonymous_1)","decl":{"start":{"line":8,"column":84},"end":{"line":8,"column":85}},"loc":{"start":{"line":8,"column":95},"end":{"line":8,"column":151}},"line":8},"2":{"name":"(anonymous_2)","decl":{"start":{"line":8,"column":106},"end":{"line":8,"column":107}},"loc":{"start":{"line":8,"column":112},"end":{"line":8,"column":144}},"line":8}},"branchMap":{},"s":{"0":1,"1":1,"2":1,"3":0,"4":0,"5":0},"f":{"0":0,"1":0,"2":0},"b":{},"_coverageSchema":"332fd63041d2c1bcb487cc26dd0d5f7d97098a6c","hash":"47cd1e99840ef937f62a2ea49aa70fc3a20144e3"}
}
