TN:
SF:/Users/user/Projects/jtb/hotels-component/test-setup.js
FNF:0
FNH:0
DA:7,1
DA:8,1
DA:10,1
LF:3
LH:3
BRF:0
BRH:0
end_of_record
TN:
SF:/Users/user/Projects/jtb/hotels-component/test-shim.js
FN:7,(anonymous_0)
FNF:1
FNH:0
FNDA:0,(anonymous_0)
DA:7,1
DA:8,0
LF:2
LH:1
BRF:0
BRH:0
end_of_record
TN:
SF:/Users/user/Projects/jtb/hotels-component/__tests__/redux/store.js
FN:31,configureTestStore
FNF:1
FNH:1
FNDA:1,configureTestStore
DA:13,1
DA:14,1
DA:16,1
DA:18,1
DA:32,1
DA:33,1
DA:34,1
DA:36,1
DA:38,1
LF:9
LH:9
BRF:0
BRH:0
end_of_record
TN:
SF:/Users/user/Projects/jtb/hotels-component/dist/index.js
FN:2,__export
FNF:1
FNH:1
FNDA:1,__export
DA:3,2
DA:5,1
DA:6,1
DA:7,1
DA:8,1
DA:9,1
DA:10,1
DA:11,1
DA:12,1
DA:13,1
DA:14,1
DA:15,1
LF:12
LH:12
BRDA:3,0,0,2
BRDA:3,0,1,0
BRF:2
BRH:1
end_of_record
TN:
SF:/Users/user/Projects/jtb/hotels-component/dist/components/HotelListItem/index.js
FN:5,(anonymous_0)
FNF:1
FNH:0
FNDA:0,(anonymous_0)
DA:2,1
DA:3,1
DA:4,1
DA:5,1
LF:4
LH:4
BRF:0
BRH:0
end_of_record
TN:
SF:/Users/user/Projects/jtb/hotels-component/dist/components/HotelListLoading/index.js
FN:5,(anonymous_0)
FNF:1
FNH:0
FNDA:0,(anonymous_0)
DA:2,1
DA:3,1
DA:4,1
DA:5,1
LF:4
LH:4
BRF:0
BRH:0
end_of_record
TN:
SF:/Users/user/Projects/jtb/hotels-component/dist/containers/HotelList/index.js
FN:8,(anonymous_0)
FN:28,(anonymous_1)
FN:29,(anonymous_2)
FNF:3
FNH:2
FNDA:2,(anonymous_0)
FNDA:0,(anonymous_1)
FNDA:4,(anonymous_2)
DA:2,1
DA:3,1
DA:4,1
DA:5,1
DA:6,1
DA:7,1
DA:8,2
DA:28,0
DA:29,4
DA:30,1
LF:10
LH:9
BRDA:16,0,0,2
BRDA:16,0,1,2
BRDA:26,1,0,2
BRDA:26,1,1,0
BRDA:27,2,0,2
BRDA:27,2,1,2
BRDA:27,2,2,2
BRDA:27,2,3,0
BRF:8
BRH:6
end_of_record
TN:
SF:/Users/user/Projects/jtb/hotels-component/dist/redux/hotel/actions.js
FN:4,(anonymous_0)
FN:7,(anonymous_1)
FNF:2
FNH:0
FNDA:0,(anonymous_0)
FNDA:0,(anonymous_1)
DA:2,1
DA:3,1
DA:4,1
DA:7,1
LF:4
LH:4
BRF:0
BRH:0
end_of_record
TN:
SF:/Users/user/Projects/jtb/hotels-component/dist/redux/hotel/constants.js
FNF:0
FNH:0
DA:2,1
DA:3,1
DA:7,1
LF:3
LH:3
BRF:0
BRH:0
end_of_record
TN:
SF:/Users/user/Projects/jtb/hotels-component/dist/redux/hotel/reducer.js
FN:6,(anonymous_0)
FN:7,(anonymous_1)
FNF:2
FNH:0
FNDA:0,(anonymous_0)
FNDA:0,(anonymous_1)
DA:2,1
DA:3,1
DA:4,1
DA:5,1
DA:6,1
DA:7,1
DA:8,1
DA:12,1
DA:16,1
DA:17,1
LF:10
LH:10
BRF:0
BRH:0
end_of_record
TN:
SF:/Users/user/Projects/jtb/hotels-component/dist/redux/hotel/sagas.js
FN:7,performSearchSaga
FN:13,mySaga
FNF:2
FNH:0
FNDA:0,performSearchSaga
FNDA:0,mySaga
DA:2,1
DA:3,1
DA:4,1
DA:5,1
DA:6,1
DA:8,0
DA:9,0
DA:10,0
DA:11,0
DA:14,0
DA:16,1
LF:11
LH:6
BRF:0
BRH:0
end_of_record
TN:
SF:/Users/user/Projects/jtb/hotels-component/dist/utils/fakeApi.js
FN:8,(anonymous_0)
FN:8,(anonymous_1)
FN:8,(anonymous_2)
FNF:3
FNH:0
FNDA:0,(anonymous_0)
FNDA:0,(anonymous_1)
FNDA:0,(anonymous_2)
DA:2,1
DA:3,1
DA:8,1
LF:3
LH:3
BRF:0
BRH:0
end_of_record
TN:
SF:/Users/user/Projects/jtb/hotels-component/src/redux/hotel/actions.ts
FN:4,(anonymous_0)
FN:7,(anonymous_1)
FNF:2
FNH:0
FNDA:0,(anonymous_0)
FNDA:0,(anonymous_1)
DA:2,1
DA:3,1
DA:4,1
DA:7,1
LF:4
LH:4
BRF:0
BRH:0
end_of_record
TN:
SF:/Users/user/Projects/jtb/hotels-component/src/redux/hotel/constants.ts
FNF:0
FNH:0
DA:2,1
DA:3,1
DA:7,1
LF:3
LH:3
BRF:0
BRH:0
end_of_record
TN:
SF:/Users/user/Projects/jtb/hotels-component/src/redux/hotel/reducer.ts
FN:6,(anonymous_0)
FN:7,(anonymous_1)
FNF:2
FNH:0
FNDA:0,(anonymous_0)
FNDA:0,(anonymous_1)
DA:2,1
DA:3,1
DA:4,1
DA:5,1
DA:6,1
DA:7,1
DA:8,1
DA:12,1
DA:16,1
DA:17,1
LF:10
LH:10
BRF:0
BRH:0
end_of_record
TN:
SF:/Users/user/Projects/jtb/hotels-component/src/redux/hotel/sagas.ts
FN:7,performSearchSaga
FN:13,mySaga
FNF:2
FNH:1
FNDA:0,performSearchSaga
FNDA:1,mySaga
DA:2,1
DA:3,1
DA:4,1
DA:5,1
DA:6,1
DA:8,0
DA:9,0
DA:10,0
DA:11,0
DA:14,1
DA:16,1
LF:11
LH:7
BRF:0
BRH:0
end_of_record
TN:
SF:/Users/user/Projects/jtb/hotels-component/src/utils/fakeApi.ts
FN:8,(anonymous_0)
FN:8,(anonymous_1)
FN:8,(anonymous_2)
FNF:3
FNH:0
FNDA:0,(anonymous_0)
FNDA:0,(anonymous_1)
FNDA:0,(anonymous_2)
DA:2,1
DA:3,1
DA:8,1
LF:3
LH:3
BRF:0
BRH:0
end_of_record
