TN:
SF:/Users/user/Projects/jtb/hotels-component/test-setup.js
FNF:0
FNH:0
DA:7,1
DA:8,1
DA:10,1
LF:3
LH:3
BRF:0
BRH:0
end_of_record
TN:
SF:/Users/user/Projects/jtb/hotels-component/test-shim.js
FN:7,(anonymous_0)
FNF:1
FNH:0
FNDA:0,(anonymous_0)
DA:7,1
DA:8,0
LF:2
LH:1
BRF:0
BRH:0
end_of_record
TN:
SF:/Users/user/Projects/jtb/hotels-component/dist/components/HotelListItem/index.js
FN:5,(anonymous_0)
FNF:1
FNH:0
FNDA:0,(anonymous_0)
DA:2,1
DA:3,1
DA:4,1
DA:5,1
LF:4
LH:4
BRF:0
BRH:0
end_of_record
TN:
SF:/Users/user/Projects/jtb/hotels-component/dist/components/HotelListLoading/index.js
FN:5,(anonymous_0)
FNF:1
FNH:0
FNDA:0,(anonymous_0)
DA:2,1
DA:3,1
DA:4,1
DA:5,1
LF:4
LH:4
BRF:0
BRH:0
end_of_record
TN:
SF:/Users/user/Projects/jtb/hotels-component/dist/containers/HotelList/index.js
FN:8,(anonymous_0)
FN:28,(anonymous_1)
FN:29,(anonymous_2)
FNF:3
FNH:2
FNDA:2,(anonymous_0)
FNDA:2,(anonymous_1)
FNDA:0,(anonymous_2)
DA:2,1
DA:3,1
DA:4,1
DA:5,1
DA:6,1
DA:7,1
DA:8,2
DA:28,2
DA:29,1
DA:30,1
LF:10
LH:10
BRDA:16,0,0,2
BRDA:16,0,1,0
BRDA:26,1,0,2
BRDA:26,1,1,1
BRDA:27,2,0,2
BRDA:27,2,1,1
BRDA:27,2,2,1
BRDA:27,2,3,1
BRF:8
BRH:7
end_of_record
TN:
SF:/Users/user/Projects/jtb/hotels-component/dist/redux/hotel/constants.js
FNF:0
FNH:0
DA:2,1
DA:3,1
DA:7,1
LF:3
LH:3
BRF:0
BRH:0
end_of_record
TN:
SF:/Users/user/Projects/jtb/hotels-component/dist/redux/hotel/reducer.js
FN:6,(anonymous_0)
FN:7,(anonymous_1)
FNF:2
FNH:0
FNDA:0,(anonymous_0)
FNDA:0,(anonymous_1)
DA:2,1
DA:3,1
DA:4,1
DA:5,1
DA:6,1
DA:7,1
DA:8,1
DA:12,1
DA:16,1
DA:17,1
LF:10
LH:10
BRF:0
BRH:0
end_of_record
